<?xml version="1.0" encoding="UTF-8"?>
<!-- Generated by org.testng.reporters.JUnitXMLReporter -->
<testsuite ignored="0" hostname="Y0096-YAMINI-NAGAMANI-WIN10" failures="0" tests="2" name="Default test" time="20.456" errors="0" timestamp="2024-06-19T16:50:09 IST">
  <testcase classname="yaminiNagamani.ExtentReports.ExtentReportsDemo" name="config" time="1.434"/>
  <testcase classname="yaminiNagamani.ExtentReports.ExtentReportsDemo" name="initialDemo" time="18.675"/>
</testsuite> <!-- Default test -->
