<?xml version="1.0" encoding="UTF-8"?>
<!-- Generated by org.testng.reporters.JUnitXMLReporter -->
<testsuite ignored="0" hostname="Y0096-YAMINI-NAGAMANI-WIN10" failures="0" tests="3" name="Default test" time="41.711" errors="0" timestamp="2024-06-19T13:48:00 IST">
  <testcase classname="yaminiNagamani.ErrorValidations2" name="submitOrder" time="6.039"/>
  <testcase classname="yaminiNagamani.ErrorValidations2" name="submitOrder" time="5.087"/>
  <testcase classname="yaminiNagamani.ErrorValidations2" name="OrderHistoryTest" time="2.183"/>
</testsuite> <!-- Default test -->
