<?xml version="1.0" encoding="UTF-8"?>
<!-- Generated by org.testng.reporters.JUnitXMLReporter -->
<testsuite ignored="0" hostname="Y0096-YAMINI-NAGAMANI-WIN10" failures="0" tests="3" name="ErrorValidationsTest" time="35.194" errors="0" timestamp="2024-06-20T12:43:01 IST">
  <testcase classname="yaminiNagamani.ErrorValidations2" name="submitOrder" time="3.88"/>
  <testcase classname="yaminiNagamani.ErrorValidations2" name="submitOrder" time="4.416"/>
  <testcase classname="yaminiNagamani.ErrorValidations2" name="OrderHistoryTest" time="1.616"/>
</testsuite> <!-- ErrorValidationsTest -->
