<?xml version="1.0" encoding="UTF-8"?>
<!-- Generated by org.testng.reporters.JUnitXMLReporter -->
<testsuite ignored="0" hostname="Y0096-YAMINI-NAGAMANI-WIN10" failures="0" tests="3" name="ErrorValidationsTest" time="0.373" errors="0" timestamp="2024-06-24T17:24:25 IST">
  <testcase classname="yaminiNagamani.ErrorValidations2" name="submitOrder" time="0.0">
    <skipped/>
  </testcase> <!-- submitOrder -->
  <testcase classname="yaminiNagamani.ErrorValidations2" name="submitOrder" time="0.001">
    <skipped/>
  </testcase> <!-- submitOrder -->
  <testcase classname="yaminiNagamani.ErrorValidations2" name="OrderHistoryTest" time="0.0">
    <skipped/>
  </testcase> <!-- OrderHistoryTest -->
</testsuite> <!-- ErrorValidationsTest -->
