<?xml version="1.0" encoding="UTF-8"?>
<!-- Generated by org.testng.reporters.JUnitXMLReporter -->
<testsuite ignored="0" hostname="Y0096-YAMINI-NAGAMANI-WIN10" failures="0" tests="2" name="SubmitOrder" time="0.286" errors="0" timestamp="2024-06-24T17:24:25 IST">
  <testcase classname="yaminiNagamani.TestComponents.BaseTest" name="@BeforeMethod launchApplication" time="0.125">
    <failure type="org.openqa.selenium.remote.NoSuchDriverException" message="Unable to obtain: msedgedriver, error msedgedriver must exist: C:\Users\yamini.nagamani\eclipse-workspace\SeleniumMavenPractice\edge.exe
For documentation on this error, please visit: https://www.selenium.dev/documentation/webdriver/troubleshooting/errors/driver_location/
Build info: version: &amp;apos;4.21.0&amp;apos;, revision: &amp;apos;79ed462ef4&amp;apos;
System info: os.name: &amp;apos;Windows 10&amp;apos;, os.arch: &amp;apos;amd64&amp;apos;, os.version: &amp;apos;10.0&amp;apos;, java.version: &amp;apos;21&amp;apos;
Driver info: driver.version: EdgeDriver">
      <![CDATA[org.openqa.selenium.remote.NoSuchDriverException: Unable to obtain: msedgedriver, error msedgedriver must exist: C:\Users\yamini.nagamani\eclipse-workspace\SeleniumMavenPractice\edge.exe
For documentation on this error, please visit: https://www.selenium.dev/documentation/webdriver/troubleshooting/errors/driver_location/
Build info: version: '4.21.0', revision: '79ed462ef4'
System info: os.name: 'Windows 10', os.arch: 'amd64', os.version: '10.0', java.version: '21'
Driver info: driver.version: EdgeDriver
at org.openqa.selenium.remote.service.DriverFinder.getBinaryPaths(DriverFinder.java:121)
at org.openqa.selenium.remote.service.DriverFinder.getDriverPath(DriverFinder.java:55)
at org.openqa.selenium.edge.EdgeDriver.generateExecutor(EdgeDriver.java:71)
at org.openqa.selenium.edge.EdgeDriver.<init>(EdgeDriver.java:60)
at org.openqa.selenium.edge.EdgeDriver.<init>(EdgeDriver.java:56)
at org.openqa.selenium.edge.EdgeDriver.<init>(EdgeDriver.java:48)
at org.openqa.selenium.edge.EdgeDriver.<init>(EdgeDriver.java:44)
at yaminiNagamani.TestComponents.BaseTest.initializeDriver(BaseTest.java:55)
at yaminiNagamani.TestComponents.BaseTest.launchApplication(BaseTest.java:90)
at java.base/java.util.ArrayList.forEach(ArrayList.java:1596)
Caused by: java.lang.IllegalStateException: msedgedriver must exist: C:\Users\yamini.nagamani\eclipse-workspace\SeleniumMavenPractice\edge.exe
at org.openqa.selenium.internal.Require$FileStateChecker.isFile(Require.java:346)
at org.openqa.selenium.internal.Require$FileStateChecker.isExecutable(Require.java:368)
at org.openqa.selenium.remote.service.DriverFinder.getBinaryPaths(DriverFinder.java:118)
... 42 more
... Removed 33 stack frames]]>
    </failure>
  </testcase> <!-- @BeforeMethod launchApplication -->
  <testcase classname="yaminiNagamani.TestComponents.BaseTest" name="@BeforeMethod launchApplication" time="0.002">
    <failure type="org.openqa.selenium.remote.NoSuchDriverException" message="Unable to obtain: msedgedriver, error msedgedriver must exist: C:\Users\yamini.nagamani\eclipse-workspace\SeleniumMavenPractice\edge.exe
For documentation on this error, please visit: https://www.selenium.dev/documentation/webdriver/troubleshooting/errors/driver_location/
Build info: version: &amp;apos;4.21.0&amp;apos;, revision: &amp;apos;79ed462ef4&amp;apos;
System info: os.name: &amp;apos;Windows 10&amp;apos;, os.arch: &amp;apos;amd64&amp;apos;, os.version: &amp;apos;10.0&amp;apos;, java.version: &amp;apos;21&amp;apos;
Driver info: driver.version: EdgeDriver">
      <![CDATA[org.openqa.selenium.remote.NoSuchDriverException: Unable to obtain: msedgedriver, error msedgedriver must exist: C:\Users\yamini.nagamani\eclipse-workspace\SeleniumMavenPractice\edge.exe
For documentation on this error, please visit: https://www.selenium.dev/documentation/webdriver/troubleshooting/errors/driver_location/
Build info: version: '4.21.0', revision: '79ed462ef4'
System info: os.name: 'Windows 10', os.arch: 'amd64', os.version: '10.0', java.version: '21'
Driver info: driver.version: EdgeDriver
at org.openqa.selenium.remote.service.DriverFinder.getBinaryPaths(DriverFinder.java:121)
at org.openqa.selenium.remote.service.DriverFinder.getDriverPath(DriverFinder.java:55)
at org.openqa.selenium.edge.EdgeDriver.generateExecutor(EdgeDriver.java:71)
at org.openqa.selenium.edge.EdgeDriver.<init>(EdgeDriver.java:60)
at org.openqa.selenium.edge.EdgeDriver.<init>(EdgeDriver.java:56)
at org.openqa.selenium.edge.EdgeDriver.<init>(EdgeDriver.java:48)
at org.openqa.selenium.edge.EdgeDriver.<init>(EdgeDriver.java:44)
at yaminiNagamani.TestComponents.BaseTest.initializeDriver(BaseTest.java:55)
at yaminiNagamani.TestComponents.BaseTest.launchApplication(BaseTest.java:90)
at java.base/java.util.ArrayList.forEach(ArrayList.java:1596)
Caused by: java.lang.IllegalStateException: msedgedriver must exist: C:\Users\yamini.nagamani\eclipse-workspace\SeleniumMavenPractice\edge.exe
at org.openqa.selenium.internal.Require$FileStateChecker.isFile(Require.java:346)
at org.openqa.selenium.internal.Require$FileStateChecker.isExecutable(Require.java:368)
at org.openqa.selenium.remote.service.DriverFinder.getBinaryPaths(DriverFinder.java:118)
... 42 more
... Removed 33 stack frames]]>
    </failure>
  </testcase> <!-- @BeforeMethod launchApplication -->
  <testcase classname="yaminiNagamani.ErrorValidationTestComponents" name="ErrorValidations" time="0.0">
    <skipped/>
  </testcase> <!-- ErrorValidations -->
  <testcase classname="yaminiNagamani.ErrorValidationTestComponents" name="ProductErrorValidations" time="0.0">
    <skipped/>
  </testcase> <!-- ProductErrorValidations -->
</testsuite> <!-- SubmitOrder -->
