<?xml version="1.0" encoding="UTF-8"?>
<testng-results ignored="0" total="2" passed="2" failed="0" skipped="0">
  <reporter-output>
  </reporter-output>
  <suite started-at="2024-06-19T16:49:49 IST" name="Default suite" finished-at="2024-06-19T16:50:09 IST" duration-ms="20456">
    <groups>
    </groups>
    <test started-at="2024-06-19T16:49:49 IST" name="Default test" finished-at="2024-06-19T16:50:09 IST" duration-ms="20456">
      <class name="yaminiNagamani.ExtentReports.ExtentReportsDemo">
        <test-method signature="config()[pri:0, instance:yaminiNagamani.ExtentReports.ExtentReportsDemo@1a482e36]" started-at="2024-06-19T16:49:49 IST" name="config" finished-at="2024-06-19T16:49:51 IST" duration-ms="1434" status="PASS">
          <reporter-output>
          </reporter-output>
        </test-method> <!-- config -->
        <test-method signature="initialDemo()[pri:0, instance:yaminiNagamani.ExtentReports.ExtentReportsDemo@1a482e36]" started-at="2024-06-19T16:49:51 IST" name="initialDemo" finished-at="2024-06-19T16:50:09 IST" duration-ms="18675" status="PASS">
          <reporter-output>
          </reporter-output>
        </test-method> <!-- initialDemo -->
      </class> <!-- yaminiNagamani.ExtentReports.ExtentReportsDemo -->
    </test> <!-- Default test -->
  </suite> <!-- Default suite -->
</testng-results>
